<?xml version="1.0" encoding="UTF-8"?>
<testsuite xmlns:xsi="http://www.w3.org/2001/XMLSchema-instance" xsi:noNamespaceSchemaLocation="https://maven.apache.org/surefire/maven-surefire-plugin/xsd/surefire-test-report.xsd" version="3.0.2" name="com.teprotejo.TeProtejoApplicationTests" time="17.305" tests="1" errors="0" skipped="0" failures="0">
  <properties>
[...]
</properties>
  <testcase name="contextLoads" classname="com.teprotejo.TeProtejoApplicationTests" time="0.838">
    <system-out><![CDATA[22:33:04.303 [main] INFO org.springframework.test.context.support.AnnotationConfigContextLoaderUtils -- Could not detect default configuration classes for test class [com.teprotejo.TeProtejoApplicationTests]: TeProtejoApplicationTests does not declare any static, non-private, non-final, nested classes annotated with @Configuration.
22:33:04.640 [main] INFO org.springframework.boot.test.context.SpringBootTestContextBootstrapper -- Found @SpringBootConfiguration com.teprotejo.TeProtejoApplication for test class com.teprotejo.TeProtejoApplicationTests

  .   ____          _            __ _ _
 /\\ / ___'_ __ _ _(_)_ __  __ _ \ \ \ \
( ( )\___ | '_ | '_| | '_ \/ _` | \ \ \ \
 \\/  ___)| |_)| | | | | || (_| |  ) ) ) )
  '  |____| .__|_| |_|_| |_\__, | / / / /
 =========|_|==============|___/=/_/_/_/

 :: Spring Boot ::                (v3.5.7)

2025-11-06T22:33:05.891-05:00  INFO 8208 --- [TeProtejo] [           main] c.teprotejo.TeProtejoApplicationTests    : Starting TeProtejoApplicationTests using Java 21.0.7 with PID 8208 (started by yerso in C:\teprotejo_file\teprotejo\teprotejo)
2025-11-06T22:33:05.894-05:00  INFO 8208 --- [TeProtejo] [           main] c.teprotejo.TeProtejoApplicationTests    : No active profile set, falling back to 1 default profile: "default"
2025-11-06T22:33:07.938-05:00  INFO 8208 --- [TeProtejo] [           main] .s.d.r.c.RepositoryConfigurationDelegate : Bootstrapping Spring Data JPA repositories in DEFAULT mode.
2025-11-06T22:33:08.161-05:00  INFO 8208 --- [TeProtejo] [           main] .s.d.r.c.RepositoryConfigurationDelegate : Finished Spring Data repository scanning in 194 ms. Found 4 JPA repository interfaces.
2025-11-06T22:33:09.627-05:00  INFO 8208 --- [TeProtejo] [           main] o.hibernate.jpa.internal.util.LogHelper  : HHH000204: Processing PersistenceUnitInfo [name: default]
2025-11-06T22:33:09.808-05:00  INFO 8208 --- [TeProtejo] [           main] org.hibernate.Version                    : HHH000412: Hibernate ORM core version 6.6.33.Final
2025-11-06T22:33:09.927-05:00  INFO 8208 --- [TeProtejo] [           main] o.h.c.internal.RegionFactoryInitiator    : HHH000026: Second-level cache disabled
2025-11-06T22:33:11.089-05:00  INFO 8208 --- [TeProtejo] [           main] o.s.o.j.p.SpringPersistenceUnitInfo      : No LoadTimeWeaver setup: ignoring JPA class transformer
2025-11-06T22:33:11.193-05:00  INFO 8208 --- [TeProtejo] [           main] com.zaxxer.hikari.HikariDataSource       : HikariPool-1 - Starting...
2025-11-06T22:33:12.851-05:00  INFO 8208 --- [TeProtejo] [           main] com.zaxxer.hikari.pool.HikariPool        : HikariPool-1 - Added connection org.postgresql.jdbc.PgConnection@7bdb4f17
2025-11-06T22:33:12.862-05:00  INFO 8208 --- [TeProtejo] [           main] com.zaxxer.hikari.HikariDataSource       : HikariPool-1 - Start completed.
2025-11-06T22:33:13.424-05:00  INFO 8208 --- [TeProtejo] [           main] org.hibernate.orm.connections.pooling    : HHH10001005: Database info:
	Database JDBC URL [Connecting through datasource 'HikariDataSource (HikariPool-1)']
	Database driver: undefined/unknown
	Database version: 17.5
	Autocommit mode: undefined/unknown
	Isolation level: undefined/unknown
	Minimum pool size: undefined/unknown
	Maximum pool size: undefined/unknown
2025-11-06T22:33:15.924-05:00  INFO 8208 --- [TeProtejo] [           main] o.h.e.t.j.p.i.JtaPlatformInitiator       : HHH000489: No JTA platform available (set 'hibernate.transaction.jta.platform' to enable JTA platform integration)
2025-11-06T22:33:17.350-05:00  INFO 8208 --- [TeProtejo] [           main] j.LocalContainerEntityManagerFactoryBean : Initialized JPA EntityManagerFactory for persistence unit 'default'
2025-11-06T22:33:18.435-05:00  WARN 8208 --- [TeProtejo] [           main] JpaBaseConfiguration$JpaWebConfiguration : spring.jpa.open-in-view is enabled by default. Therefore, database queries may be performed during view rendering. Explicitly configure spring.jpa.open-in-view to disable this warning
2025-11-06T22:33:19.100-05:00  WARN 8208 --- [TeProtejo] [           main] .s.s.UserDetailsServiceAutoConfiguration : 

Using generated security password: 08da8751-9c22-40d7-87fa-77cf9f173e89

This generated password is for development use only. Your security configuration must be updated before running your application in production.

2025-11-06T22:33:19.122-05:00  INFO 8208 --- [TeProtejo] [           main] r$InitializeUserDetailsManagerConfigurer : Global AuthenticationManager configured with UserDetailsService bean with name inMemoryUserDetailsManager
2025-11-06T22:33:20.321-05:00  INFO 8208 --- [TeProtejo] [           main] c.teprotejo.TeProtejoApplicationTests    : Started TeProtejoApplicationTests in 15.174 seconds (process running for 17.918)
]]></system-out>
    <system-err><![CDATA[Mockito is currently self-attaching to enable the inline-mock-maker. This will no longer work in future releases of the JDK. Please add Mockito as an agent to your build as described in Mockito's documentation: https://javadoc.io/doc/org.mockito/mockito-core/latest/org.mockito/org/mockito/Mockito.html#0.3
WARNING: A Java agent has been loaded dynamically (C:\Users\yerso\.m2\repository\net\bytebuddy\byte-buddy-agent\1.17.8\byte-buddy-agent-1.17.8.jar)
WARNING: If a serviceability tool is in use, please run with -XX:+EnableDynamicAgentLoading to hide this warning
WARNING: If a serviceability tool is not in use, please run with -Djdk.instrument.traceUsage for more information
WARNING: Dynamic loading of agents will be disallowed by default in a future release
]]></system-err>
  </testcase>
</testsuite>